<?xml version="1.0" encoding="UTF-8"?>
<testng-results skipped="0" failed="0" total="2" passed="2">
  <reporter-output>
    <line>
      <![CDATA[<strong style='color:green;'>Auto Start!</strong>]]>
    </line>
    <line>
      <![CDATA[<strong style="background: green;">Step: 1 </strong>:打开网页. ]]>
    </line>
    <line>
      <![CDATA[<strong style="background: green;">Step: 2 </strong>:empty. ]]>
    </line>
    <line>
      <![CDATA[<strong style="background: green;">Step: 3 </strong>:上传图片. ]]>
    </line>
    <line>
      <![CDATA[<strong style="background: green;">Step: 4 </strong>:萨达. ]]>
    </line>
    <line>
      <![CDATA[<strong style="background: green;">Step: 5 </strong>:duany. ]]>
    </line>
    <line>
      <![CDATA[<strong style="background: green;">Step: 6 </strong>:empty. ]]>
    </line>
    <line>
      <![CDATA[KEYS EMPTY!]]>
    </line>
    <line>
      <![CDATA[<strong style='color:green;'>Auto Start!</strong>]]>
    </line>
    <line>
      <![CDATA[<strong style="background: green;">Step: 1 </strong>:打开网页. ]]>
    </line>
    <line>
      <![CDATA[<strong style="background: green;">Step: 2 </strong>:输入朱圆. ]]>
    </line>
    <line>
      <![CDATA[<strong style="background: green;">Step: 3 </strong>:点击按钮. ]]>
    </line>
    <line>
      <![CDATA[KEYS EMPTY!]]>
    </line>
    <line>
      <![CDATA[<Strong style="color: green;"> AUTO TEST PASS ! </strong>]]>
    </line>
  </reporter-output>
  <suite name="Default suite" duration-ms="25666" started-at="2016-11-03T04:14:03Z" finished-at="2016-11-03T04:14:28Z">
    <groups>
    </groups>
    <test name="Default test" duration-ms="25666" started-at="2016-11-03T04:14:03Z" finished-at="2016-11-03T04:14:28Z">
      <class name="frame.ZY">
        <test-method status="PASS" signature="autoTest(java.lang.String, java.lang.String, java.lang.String)[pri:0, instance:frame.ZY@1ff8b8f]" name="autoTest" duration-ms="9035" started-at="2016-11-03T12:14:03Z" data-provider="db" finished-at="2016-11-03T12:14:12Z">
          <params>
            <param index="0">
              <value>
                <![CDATA[./]]>
              </value>
            </param>
            <param index="1">
              <value>
                <![CDATA[TestData]]>
              </value>
            </param>
            <param index="2">
              <value>
                <![CDATA[Top100]]>
              </value>
            </param>
          </params>
          <reporter-output>
            <line>
              <![CDATA[<strong style='color:green;'>Auto Start!</strong>]]>
            </line>
            <line>
              <![CDATA[<strong style="background: green;">Step: 1 </strong>:打开网页. ]]>
            </line>
            <line>
              <![CDATA[<strong style="background: green;">Step: 2 </strong>:empty. ]]>
            </line>
            <line>
              <![CDATA[<strong style="background: green;">Step: 3 </strong>:上传图片. ]]>
            </line>
            <line>
              <![CDATA[<strong style="background: green;">Step: 4 </strong>:萨达. ]]>
            </line>
            <line>
              <![CDATA[<strong style="background: green;">Step: 5 </strong>:duany. ]]>
            </line>
            <line>
              <![CDATA[<strong style="background: green;">Step: 6 </strong>:empty. ]]>
            </line>
            <line>
              <![CDATA[KEYS EMPTY!]]>
            </line>
          </reporter-output>
        </test-method> <!-- autoTest -->
        <test-method status="PASS" signature="autoTest(java.lang.String, java.lang.String, java.lang.String)[pri:0, instance:frame.ZY@1ff8b8f]" name="autoTest" duration-ms="16038" started-at="2016-11-03T12:14:12Z" data-provider="db" finished-at="2016-11-03T12:14:28Z">
          <params>
            <param index="0">
              <value>
                <![CDATA[./]]>
              </value>
            </param>
            <param index="1">
              <value>
                <![CDATA[TestData]]>
              </value>
            </param>
            <param index="2">
              <value>
                <![CDATA[f]]>
              </value>
            </param>
          </params>
          <reporter-output>
            <line>
              <![CDATA[<strong style='color:green;'>Auto Start!</strong>]]>
            </line>
            <line>
              <![CDATA[<strong style="background: green;">Step: 1 </strong>:打开网页. ]]>
            </line>
            <line>
              <![CDATA[<strong style="background: green;">Step: 2 </strong>:输入朱圆. ]]>
            </line>
            <line>
              <![CDATA[<strong style="background: green;">Step: 3 </strong>:点击按钮. ]]>
            </line>
            <line>
              <![CDATA[KEYS EMPTY!]]>
            </line>
          </reporter-output>
        </test-method> <!-- autoTest -->
        <test-method status="PASS" signature="quit()[pri:0, instance:frame.ZY@1ff8b8f]" name="quit" is-config="true" duration-ms="82" started-at="2016-11-03T12:14:28Z" finished-at="2016-11-03T12:14:28Z">
          <reporter-output>
          </reporter-output>
        </test-method> <!-- quit -->
      </class> <!-- frame.ZY -->
    </test> <!-- Default test -->
  </suite> <!-- Default suite -->
</testng-results>
